[0828/233353:WARNING:resource_bundle.cc(307)] locale_file_path.empty() for locale 
[0828/233353:ERROR:extension_system.cc(72)] Failed to parse extension manifest.
[0828/233353:ERROR:content_client.cc(344)] No data resource available for id 23968
[0828/233353:ERROR:content_client.cc(344)] No data resource available for id 23967
[0828/233353:WARNING:resource_bundle.cc(307)] locale_file_path.empty() for locale 
[0828/233354:ERROR:shell.cc(299)] Instance: exe:content_browser attempting to register an instance for a process it created for target: exe:content_renderer without the mojo:shell{client_process} capability class.
[0828/233354:WARNING:resource_bundle.cc(307)] locale_file_path.empty() for locale 
[0828/233355:ERROR:content_client.cc(344)] No data resource available for id 30378
[0828/233355:ERROR:content_client.cc(344)] No data resource available for id 30379
[0828/233355:ERROR:content_client.cc(344)] No data resource available for id 30370
[0828/233355:ERROR:content_client.cc(344)] No data resource available for id 30380
[0828/233355:ERROR:content_client.cc(344)] No data resource available for id 30371
[0828/233358:ERROR:gles2_cmd_decoder.cc(12775)] Context lost because SwapBuffers failed.
[0828/233358:ERROR:gles2_cmd_decoder.cc(4548)] Error: 5 for Command kPostSubBufferCHROMIUM
[0828/233358:ERROR:gpu_channel_manager.cc(253)] Exiting GPU process because some drivers cannot recover from problems.
[0828/233358:ERROR:gpu_channel_host.cc(228)] Failed to send GpuChannelMsg_CreateCommandBuffer.
[0828/233358:ERROR:webgraphicscontext3d_command_buffer_impl.cc(218)] Failed to initialize command buffer.
[0828/233358:ERROR:gpu_process_transport_factory.cc(669)] Lost UI shared context.
[0828/233358:WARNING:resource_bundle.cc(307)] locale_file_path.empty() for locale 
[0828/233358:ERROR:gles2_cmd_decoder.cc(12775)] Context lost because SwapBuffers failed.
[0828/233358:ERROR:gles2_cmd_decoder.cc(4548)] Error: 5 for Command kPostSubBufferCHROMIUM
[0828/233358:ERROR:gpu_channel_manager.cc(253)] Exiting GPU process because some drivers cannot recover from problems.
[0828/233358:ERROR:gpu_process_transport_factory.cc(669)] Lost UI shared context.
[0828/233358:WARNING:resource_bundle.cc(307)] locale_file_path.empty() for locale 
[0828/233358:ERROR:gles2_cmd_decoder.cc(12775)] Context lost because SwapBuffers failed.
[0828/233358:ERROR:gles2_cmd_decoder.cc(4548)] Error: 5 for Command kPostSubBufferCHROMIUM
[0828/233358:ERROR:gpu_channel_manager.cc(253)] Exiting GPU process because some drivers cannot recover from problems.
[0828/233358:ERROR:gpu_process_transport_factory.cc(669)] Lost UI shared context.
[0828/233359:WARNING:resource_bundle.cc(307)] locale_file_path.empty() for locale 
[0828/233359:ERROR:content_client.cc(344)] No data resource available for id 4750
[0828/233359:ERROR:gles2_cmd_decoder.cc(12775)] Context lost because SwapBuffers failed.
[0828/233359:ERROR:gles2_cmd_decoder.cc(4548)] Error: 5 for Command kPostSubBufferCHROMIUM
[0828/233359:ERROR:gpu_channel_manager.cc(253)] Exiting GPU process because some drivers cannot recover from problems.
[0828/233359:ERROR:ipc_channel_win.cc(217)] pipe error: 109
[0828/233359:ERROR:gpu_channel_host.cc(228)] Failed to send GpuChannelMsg_CreateCommandBuffer.
[0828/233359:ERROR:webgraphicscontext3d_command_buffer_impl.cc(218)] Failed to initialize command buffer.
[0828/233359:ERROR:gpu_process_transport_factory.cc(669)] Lost UI shared context.
[0828/233359:WARNING:resource_bundle.cc(307)] locale_file_path.empty() for locale 
[0828/233359:ERROR:gles2_cmd_decoder.cc(12775)] Context lost because SwapBuffers failed.
[0828/233359:ERROR:gles2_cmd_decoder.cc(4548)] Error: 5 for Command kPostSubBufferCHROMIUM
[0828/233359:ERROR:gpu_channel_manager.cc(253)] Exiting GPU process because some drivers cannot recover from problems.
[0828/233359:ERROR:gpu_process_transport_factory.cc(669)] Lost UI shared context.
[0828/233359:WARNING:resource_bundle.cc(307)] locale_file_path.empty() for locale 
[0828/233359:ERROR:gles2_cmd_decoder.cc(14683)] [.CommandBufferContext.DisplayCompositor-00000032DDF3ABF0]GL ERROR :GL_INVALID_OPERATION : glCreateAndConsumeTextureCHROMIUM: invalid mailbox name
[0828/233359:ERROR:gles2_cmd_decoder.cc(7857)] [.CommandBufferContext.DisplayCompositor-00000032DDF3ABF0]RENDER WARNING: texture bound to texture unit 0 is not renderable. It maybe non-power-of-2 and have incompatible texture filtering.
[0828/233359:ERROR:gles2_cmd_decoder.cc(14683)] [.CommandBufferContext.DisplayCompositor-00000032DDF3ABF0]GL ERROR :GL_INVALID_OPERATION : glCreateAndConsumeTextureCHROMIUM: invalid mailbox name
[0828/233359:ERROR:gles2_cmd_decoder.cc(7857)] [.CommandBufferContext.DisplayCompositor-00000032DDF3ABF0]RENDER WARNING: texture bound to texture unit 0 is not renderable. It maybe non-power-of-2 and have incompatible texture filtering.
[0828/233359:ERROR:gles2_cmd_decoder.cc(14683)] [.CommandBufferContext.DisplayCompositor-00000032DDF3ABF0]GL ERROR :GL_INVALID_OPERATION : glCreateAndConsumeTextureCHROMIUM: invalid mailbox name
[0828/233359:ERROR:gles2_cmd_decoder.cc(7857)] [.CommandBufferContext.DisplayCompositor-00000032DDF3ABF0]RENDER WARNING: texture bound to texture unit 0 is not renderable. It maybe non-power-of-2 and have incompatible texture filtering.
[0828/233359:ERROR:gles2_cmd_decoder.cc(14683)] [.CommandBufferContext.DisplayCompositor-00000032DDF3ABF0]GL ERROR :GL_INVALID_OPERATION : glCreateAndConsumeTextureCHROMIUM: invalid mailbox name
[0828/233359:ERROR:gles2_cmd_decoder.cc(7857)] [.CommandBufferContext.DisplayCompositor-00000032DDF3ABF0]RENDER WARNING: texture bound to texture unit 0 is not renderable. It maybe non-power-of-2 and have incompatible texture filtering.
[0828/233359:ERROR:gles2_cmd_decoder.cc(14683)] [.CommandBufferContext.DisplayCompositor-00000032DDF3ABF0]GL ERROR :GL_INVALID_OPERATION : glCreateAndConsumeTextureCHROMIUM: invalid mailbox name
[0828/233359:ERROR:gles2_cmd_decoder.cc(7857)] [.CommandBufferContext.DisplayCompositor-00000032DDF3ABF0]RENDER WARNING: texture bound to texture unit 0 is not renderable. It maybe non-power-of-2 and have incompatible texture filtering.
[0828/233359:ERROR:gles2_cmd_decoder.cc(14683)] [.CommandBufferContext.DisplayCompositor-00000032DDF3ABF0]GL ERROR :GL_INVALID_OPERATION : glCreateAndConsumeTextureCHROMIUM: invalid mailbox name
[0828/233359:ERROR:gles2_cmd_decoder.cc(7857)] [.CommandBufferContext.DisplayCompositor-00000032DDF3ABF0]RENDER WARNING: texture bound to texture unit 0 is not renderable. It maybe non-power-of-2 and have incompatible texture filtering.
[0828/233359:ERROR:gles2_cmd_decoder.cc(14683)] [.CommandBufferContext.DisplayCompositor-00000032DDF3ABF0]GL ERROR :GL_INVALID_OPERATION : glCreateAndConsumeTextureCHROMIUM: invalid mailbox name
[0828/233359:ERROR:gles2_cmd_decoder.cc(14683)] [.CommandBufferContext.DisplayCompositor-00000032DDF3ABF0]GL ERROR :GL_INVALID_OPERATION : glCreateAndConsumeTextureCHROMIUM: invalid mailbox name
[0828/233359:ERROR:gles2_cmd_decoder.cc(7857)] [.CommandBufferContext.DisplayCompositor-00000032DDF3ABF0]RENDER WARNING: texture bound to texture unit 0 is not renderable. It maybe non-power-of-2 and have incompatible texture filtering.
[0828/233359:ERROR:gles2_cmd_decoder.cc(14683)] [.CommandBufferContext.DisplayCompositor-00000032DDF3ABF0]GL ERROR :GL_INVALID_OPERATION : glCreateAndConsumeTextureCHROMIUM: invalid mailbox name
[0828/233359:ERROR:gles2_cmd_decoder.cc(7857)] [.CommandBufferContext.DisplayCompositor-00000032DDF3ABF0]RENDER WARNING: texture bound to texture unit 0 is not renderable. It maybe non-power-of-2 and have incompatible texture filtering.
[0828/233359:ERROR:gles2_cmd_decoder.cc(14683)] [.CommandBufferContext.DisplayCompositor-00000032DDF3ABF0]GL ERROR :GL_INVALID_OPERATION : glCreateAndConsumeTextureCHROMIUM: invalid mailbox name
[0828/233359:ERROR:gles2_cmd_decoder.cc(7857)] [.CommandBufferContext.DisplayCompositor-00000032DDF3ABF0]RENDER WARNING: texture bound to texture unit 0 is not renderable. It maybe non-power-of-2 and have incompatible texture filtering.
[0828/233359:ERROR:gles2_cmd_decoder.cc(7857)] [.CommandBufferContext.DisplayCompositor-00000032DDF3ABF0]RENDER WARNING: texture bound to texture unit 0 is not renderable. It maybe non-power-of-2 and have incompatible texture filtering.
[0828/233359:ERROR:gles2_cmd_decoder.cc(7857)] [.CommandBufferContext.DisplayCompositor-00000032DDF3ABF0]RENDER WARNING: texture bound to texture unit 0 is not renderable. It maybe non-power-of-2 and have incompatible texture filtering.
[0828/233359:ERROR:gles2_cmd_decoder.cc(7857)] [.CommandBufferContext.DisplayCompositor-00000032DDF3ABF0]RENDER WARNING: texture bound to texture unit 0 is not renderable. It maybe non-power-of-2 and have incompatible texture filtering.
[0828/233359:ERROR:gles2_cmd_decoder.cc(7857)] [.CommandBufferContext.DisplayCompositor-00000032DDF3ABF0]RENDER WARNING: texture bound to texture unit 0 is not renderable. It maybe non-power-of-2 and have incompatible texture filtering.
[0828/233359:ERROR:gles2_cmd_decoder.cc(7857)] [.CommandBufferContext.DisplayCompositor-00000032DDF3ABF0]RENDER WARNING: texture bound to texture unit 0 is not renderable. It maybe non-power-of-2 and have incompatible texture filtering.
[0828/233359:ERROR:gles2_cmd_decoder.cc(7857)] [.CommandBufferContext.DisplayCompositor-00000032DDF3ABF0]RENDER WARNING: texture bound to texture unit 0 is not renderable. It maybe non-power-of-2 and have incompatible texture filtering.
[0828/233359:ERROR:gles2_cmd_decoder.cc(7857)] [.CommandBufferContext.DisplayCompositor-00000032DDF3ABF0]RENDER WARNING: texture bound to texture unit 0 is not renderable. It maybe non-power-of-2 and have incompatible texture filtering.
[0828/233359:ERROR:gles2_cmd_decoder.cc(7857)] [.CommandBufferContext.DisplayCompositor-00000032DDF3ABF0]RENDER WARNING: texture bound to texture unit 0 is not renderable. It maybe non-power-of-2 and have incompatible texture filtering.
[0828/233359:ERROR:gles2_cmd_decoder.cc(7857)] [.CommandBufferContext.DisplayCompositor-00000032DDF3ABF0]RENDER WARNING: texture bound to texture unit 0 is not renderable. It maybe non-power-of-2 and have incompatible texture filtering.
[0828/233359:ERROR:gles2_cmd_decoder.cc(7857)] [.CommandBufferContext.DisplayCompositor-00000032DDF3ABF0]RENDER WARNING: texture bound to texture unit 0 is not renderable. It maybe non-power-of-2 and have incompatible texture filtering.
[0828/233359:ERROR:gles2_cmd_decoder.cc(7857)] [.CommandBufferContext.DisplayCompositor-00000032DDF3ABF0]RENDER WARNING: texture bound to texture unit 0 is not renderable. It maybe non-power-of-2 and have incompatible texture filtering.
[0828/233400:ERROR:gles2_cmd_decoder.cc(12775)] Context lost because SwapBuffers failed.
[0828/233400:ERROR:gles2_cmd_decoder.cc(4548)] Error: 5 for Command kPostSubBufferCHROMIUM
[0828/233400:ERROR:gpu_channel_manager.cc(253)] Exiting GPU process because some drivers cannot recover from problems.
[0828/233400:ERROR:gpu_channel_host.cc(228)] Failed to send GpuChannelMsg_CreateCommandBuffer.
[0828/233400:ERROR:webgraphicscontext3d_command_buffer_impl.cc(218)] Failed to initialize command buffer.
[0828/233400:ERROR:gpu_process_transport_factory.cc(669)] Lost UI shared context.
[0828/233400:WARNING:resource_bundle.cc(307)] locale_file_path.empty() for locale 
[0828/233400:ERROR:gles2_cmd_decoder.cc(12775)] Context lost because SwapBuffers failed.
[0828/233400:ERROR:gles2_cmd_decoder.cc(4548)] Error: 5 for Command kPostSubBufferCHROMIUM
[0828/233400:ERROR:gpu_channel_manager.cc(253)] Exiting GPU process because some drivers cannot recover from problems.
[0828/233400:ERROR:gpu_process_transport_factory.cc(669)] Lost UI shared context.
[0828/233400:WARNING:resource_bundle.cc(307)] locale_file_path.empty() for locale 
[0828/233400:ERROR:gles2_cmd_decoder.cc(14683)] [.CommandBufferContext.DisplayCompositor-00000032DDF39F00]GL ERROR :GL_INVALID_OPERATION : glCreateAndConsumeTextureCHROMIUM: invalid mailbox name
[0828/233400:ERROR:gles2_cmd_decoder.cc(7857)] [.CommandBufferContext.DisplayCompositor-00000032DDF39F00]RENDER WARNING: texture bound to texture unit 0 is not renderable. It maybe non-power-of-2 and have incompatible texture filtering.
[0828/233400:ERROR:gles2_cmd_decoder.cc(14683)] [.CommandBufferContext.DisplayCompositor-00000032DDF39F00]GL ERROR :GL_INVALID_OPERATION : glCreateAndConsumeTextureCHROMIUM: invalid mailbox name
[0828/233400:ERROR:gles2_cmd_decoder.cc(7857)] [.CommandBufferContext.DisplayCompositor-00000032DDF39F00]RENDER WARNING: texture bound to texture unit 0 is not renderable. It maybe non-power-of-2 and have incompatible texture filtering.
[0828/233400:ERROR:gles2_cmd_decoder.cc(14683)] [.CommandBufferContext.DisplayCompositor-00000032DDF39F00]GL ERROR :GL_INVALID_OPERATION : glCreateAndConsumeTextureCHROMIUM: invalid mailbox name
[0828/233400:ERROR:gles2_cmd_decoder.cc(7857)] [.CommandBufferContext.DisplayCompositor-00000032DDF39F00]RENDER WARNING: texture bound to texture unit 0 is not renderable. It maybe non-power-of-2 and have incompatible texture filtering.
[0828/233400:ERROR:gles2_cmd_decoder.cc(14683)] [.CommandBufferContext.DisplayCompositor-00000032DDF39F00]GL ERROR :GL_INVALID_OPERATION : glCreateAndConsumeTextureCHROMIUM: invalid mailbox name
[0828/233400:ERROR:gles2_cmd_decoder.cc(7857)] [.CommandBufferContext.DisplayCompositor-00000032DDF39F00]RENDER WARNING: texture bound to texture unit 0 is not renderable. It maybe non-power-of-2 and have incompatible texture filtering.
[0828/233400:ERROR:gles2_cmd_decoder.cc(14683)] [.CommandBufferContext.DisplayCompositor-00000032DDF39F00]GL ERROR :GL_INVALID_OPERATION : glCreateAndConsumeTextureCHROMIUM: invalid mailbox name
[0828/233400:ERROR:gles2_cmd_decoder.cc(7857)] [.CommandBufferContext.DisplayCompositor-00000032DDF39F00]RENDER WARNING: texture bound to texture unit 0 is not renderable. It maybe non-power-of-2 and have incompatible texture filtering.
[0828/233400:ERROR:gles2_cmd_decoder.cc(14683)] [.CommandBufferContext.DisplayCompositor-00000032DDF39F00]GL ERROR :GL_INVALID_OPERATION : glCreateAndConsumeTextureCHROMIUM: invalid mailbox name
[0828/233400:ERROR:gles2_cmd_decoder.cc(7857)] [.CommandBufferContext.DisplayCompositor-00000032DDF39F00]RENDER WARNING: texture bound to texture unit 0 is not renderable. It maybe non-power-of-2 and have incompatible texture filtering.
[0828/233400:ERROR:gles2_cmd_decoder.cc(14683)] [.CommandBufferContext.DisplayCompositor-00000032DDF39F00]GL ERROR :GL_INVALID_OPERATION : glCreateAndConsumeTextureCHROMIUM: invalid mailbox name
[0828/233400:ERROR:gles2_cmd_decoder.cc(7857)] [.CommandBufferContext.DisplayCompositor-00000032DDF39F00]RENDER WARNING: texture bound to texture unit 0 is not renderable. It maybe non-power-of-2 and have incompatible texture filtering.
[0828/233400:ERROR:gles2_cmd_decoder.cc(14683)] [.CommandBufferContext.DisplayCompositor-00000032DDF39F00]GL ERROR :GL_INVALID_OPERATION : glCreateAndConsumeTextureCHROMIUM: invalid mailbox name
[0828/233400:ERROR:gles2_cmd_decoder.cc(7857)] [.CommandBufferContext.DisplayCompositor-00000032DDF39F00]RENDER WARNING: texture bound to texture unit 0 is not renderable. It maybe non-power-of-2 and have incompatible texture filtering.
[0828/233400:ERROR:gles2_cmd_decoder.cc(14683)] [.CommandBufferContext.DisplayCompositor-00000032DDF39F00]GL ERROR :GL_INVALID_OPERATION : glCreateAndConsumeTextureCHROMIUM: invalid mailbox name
[0828/233400:ERROR:gles2_cmd_decoder.cc(7857)] [.CommandBufferContext.DisplayCompositor-00000032DDF39F00]RENDER WARNING: texture bound to texture unit 0 is not renderable. It maybe non-power-of-2 and have incompatible texture filtering.
[0828/233400:ERROR:gles2_cmd_decoder.cc(14683)] [.CommandBufferContext.DisplayCompositor-00000032DDF39F00]GL ERROR :GL_INVALID_OPERATION : glCreateAndConsumeTextureCHROMIUM: invalid mailbox name
[0828/233400:ERROR:gles2_cmd_decoder.cc(7857)] [.CommandBufferContext.DisplayCompositor-00000032DDF39F00]RENDER WARNING: texture bound to texture unit 0 is not renderable. It maybe non-power-of-2 and have incompatible texture filtering.
[0828/233400:ERROR:gles2_cmd_decoder.cc(14683)] [.CommandBufferContext.DisplayCompositor-00000032DDF39F00]GL ERROR :GL_INVALID_OPERATION : glCreateAndConsumeTextureCHROMIUM: invalid mailbox name
[0828/233400:ERROR:gles2_cmd_decoder.cc(14683)] [.CommandBufferContext.DisplayCompositor-00000032DDF39F00]GL ERROR :GL_INVALID_OPERATION : glCreateAndConsumeTextureCHROMIUM: invalid mailbox name
[0828/233400:ERROR:gles2_cmd_decoder.cc(7857)] [.CommandBufferContext.DisplayCompositor-00000032DDF39F00]RENDER WARNING: texture bound to texture unit 0 is not renderable. It maybe non-power-of-2 and have incompatible texture filtering.
[0828/233400:ERROR:gles2_cmd_decoder.cc(14683)] [.CommandBufferContext.DisplayCompositor-00000032DDF39F00]GL ERROR :GL_INVALID_OPERATION : glCreateAndConsumeTextureCHROMIUM: invalid mailbox name
[0828/233400:ERROR:gles2_cmd_decoder.cc(7857)] [.CommandBufferContext.DisplayCompositor-00000032DDF39F00]RENDER WARNING: texture bound to texture unit 0 is not renderable. It maybe non-power-of-2 and have incompatible texture filtering.
[0828/233400:ERROR:gles2_cmd_decoder.cc(14683)] [.CommandBufferContext.DisplayCompositor-00000032DDF39F00]GL ERROR :GL_INVALID_OPERATION : glCreateAndConsumeTextureCHROMIUM: invalid mailbox name
[0828/233400:ERROR:gles2_cmd_decoder.cc(7857)] [.CommandBufferContext.DisplayCompositor-00000032DDF39F00]RENDER WARNING: texture bound to texture unit 0 is not renderable. It maybe non-power-of-2 and have incompatible texture filtering.
[0828/233400:ERROR:gles2_cmd_decoder.cc(7857)] [.CommandBufferContext.DisplayCompositor-00000032DDF39F00]RENDER WARNING: texture bound to texture unit 0 is not renderable. It maybe non-power-of-2 and have incompatible texture filtering.
[0829/103724:WARNING:resource_bundle.cc(307)] locale_file_path.empty() for locale 
[0829/103726:WARNING:resource_bundle.cc(307)] locale_file_path.empty() for locale 
[0829/103726:ERROR:extension_system.cc(72)] Failed to parse extension manifest.
[0829/103726:ERROR:content_client.cc(344)] No data resource available for id 23968
[0829/103726:ERROR:content_client.cc(344)] No data resource available for id 23967
[0829/103728:ERROR:shell.cc(299)] Instance: exe:content_browser attempting to register an instance for a process it created for target: exe:content_renderer without the mojo:shell{client_process} capability class.
[0829/103728:WARNING:resource_bundle.cc(307)] locale_file_path.empty() for locale 
[0829/103730:ERROR:content_client.cc(344)] No data resource available for id 30378
[0829/103730:ERROR:content_client.cc(344)] No data resource available for id 30379
[0829/103730:ERROR:content_client.cc(344)] No data resource available for id 30370
[0829/103730:ERROR:content_client.cc(344)] No data resource available for id 30380
[0829/103730:ERROR:content_client.cc(344)] No data resource available for id 30371
[0829/103733:ERROR:content_client.cc(344)] No data resource available for id 30381
[0829/103733:ERROR:gles2_cmd_decoder.cc(12775)] Context lost because SwapBuffers failed.
[0829/103733:ERROR:gles2_cmd_decoder.cc(4548)] Error: 5 for Command kPostSubBufferCHROMIUM
[0829/103733:ERROR:gpu_channel_manager.cc(253)] Exiting GPU process because some drivers cannot recover from problems.
[0829/103733:ERROR:ipc_channel_win.cc(217)] pipe error: 109
[0829/103733:ERROR:gpu_process_transport_factory.cc(669)] Lost UI shared context.
[0829/103733:WARNING:resource_bundle.cc(307)] locale_file_path.empty() for locale 
[0829/103734:ERROR:gles2_cmd_decoder.cc(12775)] Context lost because SwapBuffers failed.
[0829/103734:ERROR:gles2_cmd_decoder.cc(4548)] Error: 5 for Command kPostSubBufferCHROMIUM
[0829/103734:ERROR:gpu_channel_manager.cc(253)] Exiting GPU process because some drivers cannot recover from problems.
[0829/103734:ERROR:gpu_process_transport_factory.cc(669)] Lost UI shared context.
[0829/103734:WARNING:resource_bundle.cc(307)] locale_file_path.empty() for locale 
[0829/103734:ERROR:gles2_cmd_decoder.cc(12775)] Context lost because SwapBuffers failed.
[0829/103734:ERROR:gles2_cmd_decoder.cc(4548)] Error: 5 for Command kPostSubBufferCHROMIUM
[0829/103734:ERROR:gpu_channel_manager.cc(253)] Exiting GPU process because some drivers cannot recover from problems.
[0829/103734:ERROR:gpu_process_transport_factory.cc(669)] Lost UI shared context.
[0829/103734:WARNING:resource_bundle.cc(307)] locale_file_path.empty() for locale 
[0829/103735:ERROR:gles2_cmd_decoder.cc(12775)] Context lost because SwapBuffers failed.
[0829/103735:ERROR:gles2_cmd_decoder.cc(4548)] Error: 5 for Command kPostSubBufferCHROMIUM
[0829/103735:ERROR:gpu_channel_manager.cc(253)] Exiting GPU process because some drivers cannot recover from problems.
[0829/103735:ERROR:gpu_process_transport_factory.cc(669)] Lost UI shared context.
[0829/103735:WARNING:resource_bundle.cc(307)] locale_file_path.empty() for locale 
[0829/103735:ERROR:gles2_cmd_decoder.cc(12775)] Context lost because SwapBuffers failed.
[0829/103735:ERROR:gles2_cmd_decoder.cc(4548)] Error: 5 for Command kPostSubBufferCHROMIUM
[0829/103735:ERROR:gpu_channel_manager.cc(253)] Exiting GPU process because some drivers cannot recover from problems.
[0829/103735:ERROR:gpu_process_transport_factory.cc(669)] Lost UI shared context.
[0829/103735:WARNING:resource_bundle.cc(307)] locale_file_path.empty() for locale 
[0829/103736:ERROR:gles2_cmd_decoder.cc(12775)] Context lost because SwapBuffers failed.
[0829/103736:ERROR:gles2_cmd_decoder.cc(4548)] Error: 5 for Command kPostSubBufferCHROMIUM
[0829/103736:ERROR:gpu_channel_manager.cc(253)] Exiting GPU process because some drivers cannot recover from problems.
[0829/103736:ERROR:gpu_process_transport_factory.cc(669)] Lost UI shared context.
[0829/103736:WARNING:resource_bundle.cc(307)] locale_file_path.empty() for locale 
[0829/103736:ERROR:gles2_cmd_decoder.cc(12775)] Context lost because SwapBuffers failed.
[0829/103736:ERROR:gles2_cmd_decoder.cc(4548)] Error: 5 for Command kPostSubBufferCHROMIUM
[0829/103736:ERROR:gpu_channel_manager.cc(253)] Exiting GPU process because some drivers cannot recover from problems.
[0829/103736:ERROR:ipc_channel_win.cc(217)] pipe error: 109
[0829/103736:ERROR:gpu_process_transport_factory.cc(669)] Lost UI shared context.
[0829/103736:WARNING:resource_bundle.cc(307)] locale_file_path.empty() for locale 
[0829/103736:ERROR:gles2_cmd_decoder.cc(14683)] [.CommandBufferContext.DisplayCompositor-00000040CE3000B0]GL ERROR :GL_INVALID_OPERATION : glCreateAndConsumeTextureCHROMIUM: invalid mailbox name
[0829/103736:ERROR:gles2_cmd_decoder.cc(7857)] [.CommandBufferContext.DisplayCompositor-00000040CE3000B0]RENDER WARNING: texture bound to texture unit 0 is not renderable. It maybe non-power-of-2 and have incompatible texture filtering.
[0829/103736:ERROR:gles2_cmd_decoder.cc(14683)] [.CommandBufferContext.DisplayCompositor-00000040CE3000B0]GL ERROR :GL_INVALID_OPERATION : glCreateAndConsumeTextureCHROMIUM: invalid mailbox name
[0829/103736:ERROR:gles2_cmd_decoder.cc(7857)] [.CommandBufferContext.DisplayCompositor-00000040CE3000B0]RENDER WARNING: texture bound to texture unit 0 is not renderable. It maybe non-power-of-2 and have incompatible texture filtering.
[0829/103736:ERROR:gles2_cmd_decoder.cc(14683)] [.CommandBufferContext.DisplayCompositor-00000040CE3000B0]GL ERROR :GL_INVALID_OPERATION : glCreateAndConsumeTextureCHROMIUM: invalid mailbox name
[0829/103736:ERROR:gles2_cmd_decoder.cc(7857)] [.CommandBufferContext.DisplayCompositor-00000040CE3000B0]RENDER WARNING: texture bound to texture unit 0 is not renderable. It maybe non-power-of-2 and have incompatible texture filtering.
[0829/103736:ERROR:gles2_cmd_decoder.cc(14683)] [.CommandBufferContext.DisplayCompositor-00000040CE3000B0]GL ERROR :GL_INVALID_OPERATION : glCreateAndConsumeTextureCHROMIUM: invalid mailbox name
[0829/103736:ERROR:gles2_cmd_decoder.cc(7857)] [.CommandBufferContext.DisplayCompositor-00000040CE3000B0]RENDER WARNING: texture bound to texture unit 0 is not renderable. It maybe non-power-of-2 and have incompatible texture filtering.
[0829/103738:ERROR:gles2_cmd_decoder.cc(12775)] Context lost because SwapBuffers failed.
[0829/103738:ERROR:gles2_cmd_decoder.cc(4548)] Error: 5 for Command kPostSubBufferCHROMIUM
[0829/103738:ERROR:gpu_channel_manager.cc(253)] Exiting GPU process because some drivers cannot recover from problems.
[0829/103738:ERROR:ipc_channel_win.cc(217)] pipe error: 109
[0829/103738:ERROR:gpu_process_transport_factory.cc(669)] Lost UI shared context.
[0829/103738:WARNING:resource_bundle.cc(307)] locale_file_path.empty() for locale 
[0829/103738:ERROR:gles2_cmd_decoder.cc(12775)] Context lost because SwapBuffers failed.
[0829/103738:ERROR:gles2_cmd_decoder.cc(4548)] Error: 5 for Command kPostSubBufferCHROMIUM
[0829/103738:ERROR:gpu_channel_manager.cc(253)] Exiting GPU process because some drivers cannot recover from problems.
[0829/103738:ERROR:gpu_channel_host.cc(228)] Failed to send GpuChannelMsg_CreateCommandBuffer.
[0829/103738:ERROR:webgraphicscontext3d_command_buffer_impl.cc(218)] Failed to initialize command buffer.
[0829/103738:ERROR:gpu_process_transport_factory.cc(669)] Lost UI shared context.
[0829/103738:WARNING:resource_bundle.cc(307)] locale_file_path.empty() for locale 
[0829/103739:ERROR:gles2_cmd_decoder.cc(12775)] Context lost because SwapBuffers failed.
[0829/103739:ERROR:gles2_cmd_decoder.cc(4548)] Error: 5 for Command kPostSubBufferCHROMIUM
[0829/103739:ERROR:gpu_channel_manager.cc(253)] Exiting GPU process because some drivers cannot recover from problems.
[0829/103739:ERROR:gpu_process_transport_factory.cc(669)] Lost UI shared context.
[0829/103739:WARNING:resource_bundle.cc(307)] locale_file_path.empty() for locale 
[0829/103739:ERROR:gles2_cmd_decoder.cc(12775)] Context lost because SwapBuffers failed.
[0829/103739:ERROR:gles2_cmd_decoder.cc(4548)] Error: 5 for Command kPostSubBufferCHROMIUM
[0829/103739:ERROR:gpu_channel_manager.cc(253)] Exiting GPU process because some drivers cannot recover from problems.
[0829/103739:ERROR:ipc_channel_win.cc(217)] pipe error: 109
[0829/103739:ERROR:gpu_process_transport_factory.cc(669)] Lost UI shared context.
[0829/103739:WARNING:resource_bundle.cc(307)] locale_file_path.empty() for locale 
[0829/103739:ERROR:gles2_cmd_decoder.cc(14683)] [.CommandBufferContext.DisplayCompositor-00000040CE300670]GL ERROR :GL_INVALID_OPERATION : glCreateAndConsumeTextureCHROMIUM: invalid mailbox name
[0829/103739:ERROR:gles2_cmd_decoder.cc(7857)] [.CommandBufferContext.DisplayCompositor-00000040CE300670]RENDER WARNING: texture bound to texture unit 0 is not renderable. It maybe non-power-of-2 and have incompatible texture filtering.
[0829/103739:ERROR:gles2_cmd_decoder.cc(14683)] [.CommandBufferContext.DisplayCompositor-00000040CE300670]GL ERROR :GL_INVALID_OPERATION : glCreateAndConsumeTextureCHROMIUM: invalid mailbox name
[0829/103739:ERROR:gles2_cmd_decoder.cc(7857)] [.CommandBufferContext.DisplayCompositor-00000040CE300670]RENDER WARNING: texture bound to texture unit 0 is not renderable. It maybe non-power-of-2 and have incompatible texture filtering.
[0829/103739:ERROR:gles2_cmd_decoder.cc(14683)] [.CommandBufferContext.DisplayCompositor-00000040CE300670]GL ERROR :GL_INVALID_OPERATION : glCreateAndConsumeTextureCHROMIUM: invalid mailbox name
[0829/103739:ERROR:gles2_cmd_decoder.cc(7857)] [.CommandBufferContext.DisplayCompositor-00000040CE300670]RENDER WARNING: texture bound to texture unit 0 is not renderable. It maybe non-power-of-2 and have incompatible texture filtering.
[0829/103739:ERROR:gles2_cmd_decoder.cc(14683)] [.CommandBufferContext.DisplayCompositor-00000040CE300670]GL ERROR :GL_INVALID_OPERATION : glCreateAndConsumeTextureCHROMIUM: invalid mailbox name
[0829/103739:ERROR:gles2_cmd_decoder.cc(7857)] [.CommandBufferContext.DisplayCompositor-00000040CE300670]RENDER WARNING: texture bound to texture unit 0 is not renderable. It maybe non-power-of-2 and have incompatible texture filtering.
[0829/103740:ERROR:gles2_cmd_decoder.cc(12775)] Context lost because SwapBuffers failed.
[0829/103740:ERROR:gles2_cmd_decoder.cc(4548)] Error: 5 for Command kPostSubBufferCHROMIUM
[0829/103740:ERROR:gpu_channel_manager.cc(253)] Exiting GPU process because some drivers cannot recover from problems.
[0829/103740:ERROR:ipc_channel_win.cc(217)] pipe error: 109
[0829/103740:ERROR:gpu_process_transport_factory.cc(669)] Lost UI shared context.
[0829/103740:WARNING:resource_bundle.cc(307)] locale_file_path.empty() for locale 
[0829/103740:ERROR:gles2_cmd_decoder.cc(12775)] Context lost because SwapBuffers failed.
[0829/103740:ERROR:gles2_cmd_decoder.cc(4548)] Error: 5 for Command kPostSubBufferCHROMIUM
[0829/103740:ERROR:gpu_channel_manager.cc(253)] Exiting GPU process because some drivers cannot recover from problems.
[0829/103740:ERROR:gpu_process_transport_factory.cc(669)] Lost UI shared context.
[0829/103741:WARNING:resource_bundle.cc(307)] locale_file_path.empty() for locale 
[0829/104101:WARNING:resource_bundle.cc(307)] locale_file_path.empty() for locale 
[0829/104101:ERROR:extension_system.cc(72)] Failed to parse extension manifest.
[0829/104101:ERROR:content_client.cc(344)] No data resource available for id 23968
[0829/104101:ERROR:content_client.cc(344)] No data resource available for id 23967
[0829/104101:WARNING:resource_bundle.cc(307)] locale_file_path.empty() for locale 
[0829/104101:ERROR:shell.cc(299)] Instance: exe:content_browser attempting to register an instance for a process it created for target: exe:content_renderer without the mojo:shell{client_process} capability class.
[0829/104102:WARNING:resource_bundle.cc(307)] locale_file_path.empty() for locale 
[0829/104102:ERROR:content_client.cc(344)] No data resource available for id 30378
[0829/104102:ERROR:content_client.cc(344)] No data resource available for id 30379
[0829/104102:ERROR:content_client.cc(344)] No data resource available for id 30370
[0829/104102:ERROR:content_client.cc(344)] No data resource available for id 30380
[0829/104102:ERROR:content_client.cc(344)] No data resource available for id 30371
[0829/104102:ERROR:content_client.cc(344)] No data resource available for id 30381
[0829/110034:WARNING:resource_bundle.cc(307)] locale_file_path.empty() for locale 
[0829/110034:ERROR:extension_system.cc(72)] Failed to parse extension manifest.
[0829/110034:ERROR:content_client.cc(344)] No data resource available for id 23968
[0829/110034:ERROR:content_client.cc(344)] No data resource available for id 23967
[0829/110034:WARNING:resource_bundle.cc(307)] locale_file_path.empty() for locale 
[0829/110549:WARNING:resource_bundle.cc(307)] locale_file_path.empty() for locale 
[0829/110549:ERROR:extension_system.cc(72)] Failed to parse extension manifest.
[0829/110549:ERROR:content_client.cc(344)] No data resource available for id 23968
[0829/110549:ERROR:content_client.cc(344)] No data resource available for id 23967
[0829/110549:WARNING:resource_bundle.cc(307)] locale_file_path.empty() for locale 
[0829/111704:WARNING:resource_bundle.cc(307)] locale_file_path.empty() for locale 
[0829/111704:ERROR:extension_system.cc(72)] Failed to parse extension manifest.
[0829/111704:ERROR:content_client.cc(344)] No data resource available for id 23968
[0829/111704:ERROR:content_client.cc(344)] No data resource available for id 23967
[0829/111704:WARNING:resource_bundle.cc(307)] locale_file_path.empty() for locale 
[0829/111922:WARNING:resource_bundle.cc(307)] locale_file_path.empty() for locale 
[0829/111923:ERROR:extension_system.cc(72)] Failed to parse extension manifest.
[0829/111923:ERROR:content_client.cc(344)] No data resource available for id 23968
[0829/111923:ERROR:content_client.cc(344)] No data resource available for id 23967
[0829/111923:WARNING:resource_bundle.cc(307)] locale_file_path.empty() for locale 
[0829/112736:WARNING:resource_bundle.cc(307)] locale_file_path.empty() for locale 
[0829/112736:ERROR:extension_system.cc(72)] Failed to parse extension manifest.
[0829/112736:ERROR:content_client.cc(344)] No data resource available for id 23968
[0829/112736:ERROR:content_client.cc(344)] No data resource available for id 23967
[0829/112736:WARNING:resource_bundle.cc(307)] locale_file_path.empty() for locale 
[0829/112736:ERROR:shell.cc(299)] Instance: exe:content_browser attempting to register an instance for a process it created for target: exe:content_renderer without the mojo:shell{client_process} capability class.
[0829/112736:WARNING:resource_bundle.cc(307)] locale_file_path.empty() for locale 
[0829/112736:ERROR:content_client.cc(344)] No data resource available for id 30378
[0829/112736:ERROR:content_client.cc(344)] No data resource available for id 30379
[0829/112736:ERROR:content_client.cc(344)] No data resource available for id 30370
[0829/112736:ERROR:content_client.cc(344)] No data resource available for id 30380
[0829/112736:ERROR:content_client.cc(344)] No data resource available for id 30371
[0829/112736:ERROR:content_client.cc(344)] No data resource available for id 30381
[0829/193011:WARNING:resource_bundle.cc(307)] locale_file_path.empty() for locale 
[0829/193014:ERROR:extension_system.cc(72)] Failed to parse extension manifest.
[0829/193014:WARNING:resource_bundle.cc(307)] locale_file_path.empty() for locale 
[0829/193036:WARNING:resource_bundle.cc(307)] locale_file_path.empty() for locale 
[0829/193036:ERROR:extension_system.cc(72)] Failed to parse extension manifest.
[0829/193036:ERROR:content_client.cc(344)] No data resource available for id 23968
[0829/193036:ERROR:content_client.cc(344)] No data resource available for id 23967
[0829/193036:WARNING:resource_bundle.cc(307)] locale_file_path.empty() for locale 
[0829/193043:WARNING:resource_bundle.cc(307)] locale_file_path.empty() for locale 
[0829/193044:ERROR:shell.cc(299)] Instance: exe:content_browser attempting to register an instance for a process it created for target: exe:content_renderer without the mojo:shell{client_process} capability class.
[0829/193044:ERROR:content_client.cc(344)] No data resource available for id 30378
[0829/193044:ERROR:content_client.cc(344)] No data resource available for id 30379
[0829/193044:ERROR:content_client.cc(344)] No data resource available for id 30370
[0829/193044:ERROR:content_client.cc(344)] No data resource available for id 30380
[0829/193044:ERROR:content_client.cc(344)] No data resource available for id 30371
[0829/193049:ERROR:content_client.cc(332)] No localized string available for id 28000
[0829/193049:ERROR:content_client.cc(332)] No localized string available for id 28001
[0829/193049:ERROR:content_client.cc(332)] No localized string available for id 28013
[0829/193049:ERROR:content_client.cc(332)] No localized string available for id 28014
[0829/193131:WARNING:resource_bundle.cc(307)] locale_file_path.empty() for locale 
[0829/193131:ERROR:extension_system.cc(72)] Failed to parse extension manifest.
[0829/193131:ERROR:content_client.cc(344)] No data resource available for id 23968
[0829/193131:ERROR:content_client.cc(344)] No data resource available for id 23967
[0829/193131:WARNING:resource_bundle.cc(307)] locale_file_path.empty() for locale 
[0829/193131:ERROR:shell.cc(299)] Instance: exe:content_browser attempting to register an instance for a process it created for target: exe:content_renderer without the mojo:shell{client_process} capability class.
[0829/193131:WARNING:resource_bundle.cc(307)] locale_file_path.empty() for locale 
[0829/193131:ERROR:content_client.cc(344)] No data resource available for id 30378
[0829/193131:ERROR:content_client.cc(344)] No data resource available for id 30379
[0829/193131:ERROR:content_client.cc(344)] No data resource available for id 30370
[0829/193131:ERROR:content_client.cc(344)] No data resource available for id 30380
[0829/193131:ERROR:content_client.cc(344)] No data resource available for id 30371
[0829/193132:ERROR:content_client.cc(344)] No data resource available for id 30381
[0829/193139:ERROR:ipc_channel_win.cc(519)] pipe error: 232
[0829/193148:WARNING:resource_bundle.cc(307)] locale_file_path.empty() for locale 
[0829/193148:ERROR:extension_system.cc(72)] Failed to parse extension manifest.
[0829/193148:ERROR:content_client.cc(344)] No data resource available for id 23968
[0829/193148:ERROR:content_client.cc(344)] No data resource available for id 23967
[0829/193148:WARNING:resource_bundle.cc(307)] locale_file_path.empty() for locale 
[0829/193149:ERROR:shell.cc(299)] Instance: exe:content_browser attempting to register an instance for a process it created for target: exe:content_renderer without the mojo:shell{client_process} capability class.
[0829/193149:WARNING:resource_bundle.cc(307)] locale_file_path.empty() for locale 
[0829/193149:ERROR:content_client.cc(344)] No data resource available for id 30378
[0829/193149:ERROR:content_client.cc(344)] No data resource available for id 30379
[0829/193149:ERROR:content_client.cc(344)] No data resource available for id 30370
[0829/193149:ERROR:content_client.cc(344)] No data resource available for id 30380
[0829/193149:ERROR:content_client.cc(344)] No data resource available for id 30371
[0829/193157:ERROR:content_client.cc(332)] No localized string available for id 28000
[0829/193157:ERROR:content_client.cc(332)] No localized string available for id 28001
[0829/193157:ERROR:content_client.cc(332)] No localized string available for id 28013
[0829/193157:ERROR:content_client.cc(332)] No localized string available for id 28014
[0829/193321:WARNING:resource_bundle.cc(307)] locale_file_path.empty() for locale 
[0829/193321:ERROR:extension_system.cc(72)] Failed to parse extension manifest.
[0829/193321:ERROR:content_client.cc(344)] No data resource available for id 23968
[0829/193321:ERROR:content_client.cc(344)] No data resource available for id 23967
[0829/193321:WARNING:resource_bundle.cc(307)] locale_file_path.empty() for locale 
[0829/193322:ERROR:shell.cc(299)] Instance: exe:content_browser attempting to register an instance for a process it created for target: exe:content_renderer without the mojo:shell{client_process} capability class.
[0829/193322:WARNING:resource_bundle.cc(307)] locale_file_path.empty() for locale 
[0829/193323:ERROR:content_client.cc(344)] No data resource available for id 30378
[0829/193323:ERROR:content_client.cc(344)] No data resource available for id 30379
[0829/193323:ERROR:content_client.cc(344)] No data resource available for id 30370
[0829/193323:ERROR:content_client.cc(344)] No data resource available for id 30380
[0829/193323:ERROR:content_client.cc(344)] No data resource available for id 30371
[0829/193514:WARNING:resource_bundle.cc(307)] locale_file_path.empty() for locale 
[0829/193514:ERROR:extension_system.cc(72)] Failed to parse extension manifest.
[0829/193514:ERROR:content_client.cc(344)] No data resource available for id 23968
[0829/193514:ERROR:content_client.cc(344)] No data resource available for id 23967
[0829/193514:WARNING:resource_bundle.cc(307)] locale_file_path.empty() for locale 
[0829/193515:ERROR:shell.cc(299)] Instance: exe:content_browser attempting to register an instance for a process it created for target: exe:content_renderer without the mojo:shell{client_process} capability class.
[0829/193515:WARNING:resource_bundle.cc(307)] locale_file_path.empty() for locale 
[0829/193515:ERROR:content_client.cc(344)] No data resource available for id 30378
[0829/193515:ERROR:content_client.cc(344)] No data resource available for id 30379
[0829/193515:ERROR:content_client.cc(344)] No data resource available for id 30370
[0829/193515:ERROR:content_client.cc(344)] No data resource available for id 30380
[0829/193515:ERROR:content_client.cc(344)] No data resource available for id 30371
[0829/193621:WARNING:resource_bundle.cc(307)] locale_file_path.empty() for locale 
[0829/193621:ERROR:extension_system.cc(72)] Failed to parse extension manifest.
[0829/193621:ERROR:content_client.cc(344)] No data resource available for id 23968
[0829/193621:ERROR:content_client.cc(344)] No data resource available for id 23967
[0829/193621:WARNING:resource_bundle.cc(307)] locale_file_path.empty() for locale 
[0829/193622:ERROR:shell.cc(299)] Instance: exe:content_browser attempting to register an instance for a process it created for target: exe:content_renderer without the mojo:shell{client_process} capability class.
[0829/193622:WARNING:resource_bundle.cc(307)] locale_file_path.empty() for locale 
[0829/193622:ERROR:content_client.cc(344)] No data resource available for id 30378
[0829/193622:ERROR:content_client.cc(344)] No data resource available for id 30379
[0829/193622:ERROR:content_client.cc(344)] No data resource available for id 30370
[0829/193622:ERROR:content_client.cc(344)] No data resource available for id 30380
[0829/193622:ERROR:content_client.cc(344)] No data resource available for id 30371
[0829/193641:WARNING:resource_bundle.cc(307)] locale_file_path.empty() for locale 
[0829/193641:ERROR:extension_system.cc(72)] Failed to parse extension manifest.
[0829/193641:ERROR:content_client.cc(344)] No data resource available for id 23968
[0829/193641:ERROR:content_client.cc(344)] No data resource available for id 23967
[0829/193641:WARNING:resource_bundle.cc(307)] locale_file_path.empty() for locale 
[0829/193642:ERROR:shell.cc(299)] Instance: exe:content_browser attempting to register an instance for a process it created for target: exe:content_renderer without the mojo:shell{client_process} capability class.
[0829/193642:WARNING:resource_bundle.cc(307)] locale_file_path.empty() for locale 
[0829/193643:ERROR:content_client.cc(344)] No data resource available for id 30378
[0829/193643:ERROR:content_client.cc(344)] No data resource available for id 30379
[0829/193643:ERROR:content_client.cc(344)] No data resource available for id 30370
[0829/193643:ERROR:content_client.cc(344)] No data resource available for id 30380
[0829/193643:ERROR:content_client.cc(344)] No data resource available for id 30371
[0829/193719:WARNING:resource_bundle.cc(307)] locale_file_path.empty() for locale 
[0829/193719:ERROR:extension_system.cc(72)] Failed to parse extension manifest.
[0829/193719:ERROR:content_client.cc(344)] No data resource available for id 23968
[0829/193719:ERROR:content_client.cc(344)] No data resource available for id 23967
[0829/193719:WARNING:resource_bundle.cc(307)] locale_file_path.empty() for locale 
[0829/193721:ERROR:shell.cc(299)] Instance: exe:content_browser attempting to register an instance for a process it created for target: exe:content_renderer without the mojo:shell{client_process} capability class.
[0829/193721:WARNING:resource_bundle.cc(307)] locale_file_path.empty() for locale 
[0829/193721:ERROR:content_client.cc(344)] No data resource available for id 30378
[0829/193721:ERROR:content_client.cc(344)] No data resource available for id 30379
[0829/193721:ERROR:content_client.cc(344)] No data resource available for id 30370
[0829/193721:ERROR:content_client.cc(344)] No data resource available for id 30380
[0829/193721:ERROR:content_client.cc(344)] No data resource available for id 30371
[0829/193749:WARNING:resource_bundle.cc(307)] locale_file_path.empty() for locale 
[0829/193749:ERROR:extension_system.cc(72)] Failed to parse extension manifest.
[0829/193749:ERROR:content_client.cc(344)] No data resource available for id 23968
[0829/193749:ERROR:content_client.cc(344)] No data resource available for id 23967
[0829/193749:WARNING:resource_bundle.cc(307)] locale_file_path.empty() for locale 
[0829/193750:ERROR:shell.cc(299)] Instance: exe:content_browser attempting to register an instance for a process it created for target: exe:content_renderer without the mojo:shell{client_process} capability class.
[0829/193750:WARNING:resource_bundle.cc(307)] locale_file_path.empty() for locale 
[0829/193750:ERROR:content_client.cc(344)] No data resource available for id 30378
[0829/193750:ERROR:content_client.cc(344)] No data resource available for id 30379
[0829/193750:ERROR:content_client.cc(344)] No data resource available for id 30370
[0829/193750:ERROR:content_client.cc(344)] No data resource available for id 30380
[0829/193750:ERROR:content_client.cc(344)] No data resource available for id 30371
[0829/193855:WARNING:resource_bundle.cc(307)] locale_file_path.empty() for locale 
[0829/193855:ERROR:extension_system.cc(72)] Failed to parse extension manifest.
[0829/193855:ERROR:content_client.cc(344)] No data resource available for id 23968
[0829/193855:ERROR:content_client.cc(344)] No data resource available for id 23967
[0829/193855:WARNING:resource_bundle.cc(307)] locale_file_path.empty() for locale 
[0829/193857:ERROR:shell.cc(299)] Instance: exe:content_browser attempting to register an instance for a process it created for target: exe:content_renderer without the mojo:shell{client_process} capability class.
[0829/193857:WARNING:resource_bundle.cc(307)] locale_file_path.empty() for locale 
[0829/193857:ERROR:content_client.cc(344)] No data resource available for id 30378
[0829/193857:ERROR:content_client.cc(344)] No data resource available for id 30379
[0829/193857:ERROR:content_client.cc(344)] No data resource available for id 30370
[0829/193857:ERROR:content_client.cc(344)] No data resource available for id 30380
[0829/193857:ERROR:content_client.cc(344)] No data resource available for id 30371
[0829/193911:ERROR:ipc_channel_win.cc(217)] pipe error: 109
[0829/194141:WARNING:resource_bundle.cc(307)] locale_file_path.empty() for locale 
[0829/194141:ERROR:extension_system.cc(72)] Failed to parse extension manifest.
[0829/194141:ERROR:content_client.cc(344)] No data resource available for id 23968
[0829/194141:ERROR:content_client.cc(344)] No data resource available for id 23967
[0829/194142:WARNING:resource_bundle.cc(307)] locale_file_path.empty() for locale 
[0829/194144:ERROR:shell.cc(299)] Instance: exe:content_browser attempting to register an instance for a process it created for target: exe:content_renderer without the mojo:shell{client_process} capability class.
[0829/194145:WARNING:resource_bundle.cc(307)] locale_file_path.empty() for locale 
[0829/194145:ERROR:content_client.cc(344)] No data resource available for id 30378
[0829/194145:ERROR:content_client.cc(344)] No data resource available for id 30379
[0829/194145:ERROR:content_client.cc(344)] No data resource available for id 30370
[0829/194145:ERROR:content_client.cc(344)] No data resource available for id 30380
[0829/194145:ERROR:content_client.cc(344)] No data resource available for id 30371
[0829/194209:WARNING:resource_bundle.cc(307)] locale_file_path.empty() for locale 
[0829/194210:ERROR:extension_system.cc(72)] Failed to parse extension manifest.
[0829/194210:ERROR:content_client.cc(344)] No data resource available for id 23968
[0829/194210:ERROR:content_client.cc(344)] No data resource available for id 23967
[0829/194210:WARNING:resource_bundle.cc(307)] locale_file_path.empty() for locale 
[0829/194211:ERROR:shell.cc(299)] Instance: exe:content_browser attempting to register an instance for a process it created for target: exe:content_renderer without the mojo:shell{client_process} capability class.
[0829/194211:WARNING:resource_bundle.cc(307)] locale_file_path.empty() for locale 
[0829/194211:ERROR:content_client.cc(344)] No data resource available for id 30378
[0829/194211:ERROR:content_client.cc(344)] No data resource available for id 30379
[0829/194211:ERROR:content_client.cc(344)] No data resource available for id 30370
[0829/194211:ERROR:content_client.cc(344)] No data resource available for id 30380
[0829/194211:ERROR:content_client.cc(344)] No data resource available for id 30371
[0829/194347:WARNING:resource_bundle.cc(307)] locale_file_path.empty() for locale 
[0829/194347:ERROR:extension_system.cc(72)] Failed to parse extension manifest.
[0829/194347:ERROR:content_client.cc(344)] No data resource available for id 23968
[0829/194347:ERROR:content_client.cc(344)] No data resource available for id 23967
[0829/194347:WARNING:resource_bundle.cc(307)] locale_file_path.empty() for locale 
[0829/194347:ERROR:shell.cc(299)] Instance: exe:content_browser attempting to register an instance for a process it created for target: exe:content_renderer without the mojo:shell{client_process} capability class.
[0829/194347:WARNING:resource_bundle.cc(307)] locale_file_path.empty() for locale 
[0829/194347:ERROR:content_client.cc(344)] No data resource available for id 30378
[0829/194347:ERROR:content_client.cc(344)] No data resource available for id 30379
[0829/194347:ERROR:content_client.cc(344)] No data resource available for id 30370
[0829/194347:ERROR:content_client.cc(344)] No data resource available for id 30380
[0829/194347:ERROR:content_client.cc(344)] No data resource available for id 30371
